[2026-07-02 22:44:18] Jarvis daemonを起動しました。
[2026-07-02 22:44:20] Jarvisサーバーを起動します。
[2026-07-02 22:44:20] Jarvisサーバープロセスを開始しました。PID: 6396
[2026-07-02 22:44:20] Jarvisサーバーの起動完了を待っています。
[2026-07-02 22:44:21] Jarvisサーバーの起動を確認しました。
[2026-07-02 22:44:21] Jarvis画面を開きます。
[2026-07-02 22:44:21] Jarvisサーバーの監視を開始します。
[2026-07-02 22:45:21] Jarvis daemonを起動しました。
[2026-07-02 22:45:23] Jarvisサーバーを起動します。
[2026-07-02 22:45:23] Jarvisサーバープロセスを開始しました。PID: 17856
[2026-07-02 22:45:23] Jarvisサーバーの起動完了を待っています。
[2026-07-02 22:45:24] Jarvisサーバーの起動を確認しました。
[2026-07-02 22:45:24] Jarvis画面を開きます。
[2026-07-02 22:45:24] Jarvisサーバーの監視を開始します。
[2026-07-02 23:01:06] 終了指示を受け取りました。
[2026-07-02 23:01:06] Jarvisサーバーを停止します。
[2026-07-02 23:01:06] Jarvisサーバーを正常に停止しました。
[2026-07-02 23:01:06] Jarvis daemonを終了しました。
[2026-07-02 23:05:57] Jarvis daemonを起動しました。
[2026-07-02 23:05:59] Jarvisサーバーを起動します。
[2026-07-02 23:05:59] Jarvisサーバープロセスを開始しました。PID: 19860
[2026-07-02 23:05:59] Jarvisサーバーの起動完了を待っています。
[2026-07-02 23:06:00] Jarvisサーバーの起動を確認しました。
[2026-07-02 23:06:00] Jarvis画面を開きます。
[2026-07-02 23:06:00] Jarvisサーバーの監視を開始します。
[2026-07-02 23:06:01] 終了指示を受け取りました。
[2026-07-02 23:06:01] Jarvisサーバーを停止します。
[2026-07-02 23:06:01] Jarvisサーバーを正常に停止しました。
[2026-07-02 23:06:01] Jarvis daemonを終了しました。
[2026-07-02 23:06:42] Jarvis daemonを起動しました。
[2026-07-02 23:06:44] Jarvisサーバーを起動します。
[2026-07-02 23:06:44] Jarvisサーバープロセスを開始しました。PID: 35392
[2026-07-02 23:06:44] Jarvisサーバーの起動完了を待っています。
[2026-07-02 23:06:45] Jarvisサーバーの起動を確認しました。
[2026-07-02 23:06:45] Jarvis画面を開きます。
[2026-07-02 23:06:45] Jarvisサーバーの監視を開始します。
[2026-07-02 23:07:00] 終了指示を受け取りました。
[2026-07-02 23:07:00] Jarvisサーバーを停止します。
[2026-07-02 23:07:00] Jarvisサーバーを正常に停止しました。
[2026-07-02 23:07:00] Jarvis daemonを終了しました。
[2026-07-04 23:24:19] Jarvis daemonを起動しました。
[2026-07-04 23:24:19] ロックファイルを作成しました。PID: 35852
[2026-07-04 23:24:21] Jarvisサーバーを起動します。
[2026-07-04 23:24:21] Jarvisサーバープロセスを開始しました。PID: 42584
[2026-07-04 23:24:21] Jarvisサーバーの起動完了を待っています。
[2026-07-04 23:24:24] Jarvisサーバーの起動を確認しました。
[2026-07-04 23:24:24] Jarvis画面を開きます。
[2026-07-04 23:24:24] Jarvisサーバーの監視を開始します。
[2026-07-04 23:26:43] Jarvis daemonを起動しました。
[2026-07-04 23:26:43] 別のJarvis daemonがすでに起動しているため終了します。
[2026-07-04 23:31:54] 終了指示を受け取りました。
[2026-07-04 23:31:54] Jarvisサーバーを停止します。
[2026-07-04 23:31:54] Jarvisサーバーを正常に停止しました。
[2026-07-04 23:31:54] ロックファイルを削除しました。
[2026-07-04 23:31:54] Jarvis daemonを終了しました。
[2026-07-04 23:34:41] Jarvis daemonを起動しました。
[2026-07-04 23:34:41] ロックファイルを作成しました。PID: 24096
[2026-07-04 23:34:43] Jarvisサーバーを起動します。
[2026-07-04 23:34:43] Jarvisサーバープロセスを開始しました。PID: 23580
[2026-07-04 23:34:43] Jarvisサーバーの起動完了を待っています。
[2026-07-04 23:34:44] Jarvisサーバーの起動を確認しました。
[2026-07-04 23:34:44] Jarvis画面を開きます。
[2026-07-04 23:34:44] Jarvisサーバーの監視を開始します。
[2026-07-05 00:30:02] 終了指示を受け取りました。
[2026-07-05 00:30:02] Jarvisサーバーを停止します。
[2026-07-05 00:30:02] Jarvisサーバーを正常に停止しました。
[2026-07-05 00:30:02] ロックファイルを削除しました。
[2026-07-05 00:30:02] Jarvis daemonを終了しました。
[2026-07-05 00:30:34] Jarvis daemonを起動しました。
[2026-07-05 00:30:34] ロックファイルを作成しました。PID: 3448
[2026-07-05 00:30:36] Jarvisサーバーを起動します。
[2026-07-05 00:30:36] Jarvisサーバープロセスを開始しました。PID: 12408
[2026-07-05 00:30:36] Jarvisサーバーの起動完了を待っています。
[2026-07-05 00:30:37] Jarvisサーバーの起動を確認しました。
[2026-07-05 00:30:37] Jarvis画面を開きます。
[2026-07-05 00:30:37] Jarvisサーバーの監視を開始します。
[2026-07-05 00:31:02] 終了指示を受け取りました。
[2026-07-05 00:31:02] Jarvisサーバーを停止します。
[2026-07-05 00:31:02] Jarvisサーバーを正常に停止しました。
[2026-07-05 00:31:02] ロックファイルを削除しました。
[2026-07-05 00:31:02] Jarvis daemonを終了しました。
[2026-07-05 00:31:51] Jarvis daemonを起動しました。
[2026-07-05 00:31:51] ロックファイルを作成しました。PID: 27176
[2026-07-05 00:31:53] Jarvisサーバーを起動します。
[2026-07-05 00:31:53] Jarvisサーバープロセスを開始しました。PID: 24596
[2026-07-05 00:31:53] Jarvisサーバーの起動完了を待っています。
[2026-07-05 00:31:54] Jarvisサーバーの起動を確認しました。
[2026-07-05 00:31:54] Jarvis画面を開きます。
[2026-07-05 00:31:54] Jarvisサーバーの監視を開始します。
[2026-07-05 00:35:04] Jarvisサーバーが停止しました。
[2026-07-05 00:35:04] 再起動失敗カウント: 1/3
[2026-07-05 00:35:04] 3秒後にJarvisサーバーを再起動します。
[2026-07-05 00:35:07] Jarvisサーバーを起動します。
[2026-07-05 00:35:07] Jarvisサーバープロセスを開始しました。PID: 20868
[2026-07-05 00:35:07] Jarvisサーバーの起動完了を待っています。
[2026-07-05 00:35:08] Jarvisサーバーの起動を確認しました。
[2026-07-05 00:35:08] Jarvisサーバーの再起動に成功しました。
[2026-07-05 00:35:38] Jarvisサーバーが安定稼働したため、再起動失敗カウントをリセットします。
[2026-07-05 00:37:08] 終了指示を受け取りました。
[2026-07-05 00:37:08] Jarvisサーバーを停止します。
[2026-07-05 00:37:08] Jarvisサーバーを正常に停止しました。
[2026-07-05 00:37:08] ロックファイルを削除しました。
[2026-07-05 00:37:08] Jarvis daemonを終了しました。
[2026-07-05 00:38:12] Jarvis daemonを起動しました。
[2026-07-05 00:38:12] ロックファイルを作成しました。PID: 15748
[2026-07-05 00:38:14] Jarvisサーバーを起動します。
[2026-07-05 00:38:14] Jarvisサーバープロセスを開始しました。PID: 16512
[2026-07-05 00:38:14] Jarvisサーバーの起動完了を待っています。
[2026-07-05 00:38:44] Jarvisサーバーの起動確認に失敗しました。
[2026-07-05 00:38:44] Jarvisサーバーが起動できなかったため終了します。
[2026-07-05 00:38:44] Jarvisサーバーはすでに終了しています。
[2026-07-05 00:38:44] Jarvisサーバーはすでに終了しています。
[2026-07-05 00:38:44] ロックファイルを削除しました。
[2026-07-05 00:38:44] Jarvis daemonを終了しました。
[2026-07-07 22:45:00] Jarvis daemonを起動しました。
[2026-07-07 22:45:00] ロックファイルを作成しました。PID: 8856
[2026-07-07 22:45:00] 既にポート8000でサーバーが起動しています。
[2026-07-07 22:45:00] daemon管理外のサーバーの可能性があるため、今回は起動せず終了します。
[2026-07-07 22:45:00] ロックファイルを削除しました。
[2026-07-07 22:45:00] Jarvis daemonを終了しました。
[2026-07-07 22:45:03] Jarvis daemonを起動しました。
[2026-07-07 22:45:03] ロックファイルを作成しました。PID: 32792
[2026-07-07 22:45:03] 既にポート8000でサーバーが起動しています。
[2026-07-07 22:45:03] daemon管理外のサーバーの可能性があるため、今回は起動せず終了します。
[2026-07-07 22:45:03] ロックファイルを削除しました。
[2026-07-07 22:45:03] Jarvis daemonを終了しました。
[2026-07-14 21:59:53] Jarvis daemonを起動しました。
[2026-07-14 21:59:53] ロックファイルを作成しました。PID: 9504
[2026-07-14 21:59:53] 既にポート8000でサーバーが起動しています。
[2026-07-14 21:59:53] daemon管理外のサーバーの可能性があるため、今回は起動せず終了します。
[2026-07-14 21:59:53] ロックファイルを削除しました。
[2026-07-14 21:59:53] Jarvis daemonを終了しました。
[2026-07-14 22:00:00] Jarvis daemonを起動しました。
[2026-07-14 22:00:00] ロックファイルを作成しました。PID: 13320
[2026-07-14 22:00:00] 既にポート8000でサーバーが起動しています。
[2026-07-14 22:00:00] daemon管理外のサーバーの可能性があるため、今回は起動せず終了します。
[2026-07-14 22:00:00] ロックファイルを削除しました。
[2026-07-14 22:00:00] Jarvis daemonを終了しました。
[2026-07-14 22:00:02] Jarvis daemonを起動しました。
[2026-07-14 22:00:02] ロックファイルを作成しました。PID: 5488
[2026-07-14 22:00:02] 既にポート8000でサーバーが起動しています。
[2026-07-14 22:00:02] daemon管理外のサーバーの可能性があるため、今回は起動せず終了します。
[2026-07-14 22:00:02] ロックファイルを削除しました。
[2026-07-14 22:00:02] Jarvis daemonを終了しました。
[2026-07-14 22:00:07] Jarvis daemonを起動しました。
[2026-07-14 22:00:07] ロックファイルを作成しました。PID: 6184
[2026-07-14 22:00:07] 既にポート8000でサーバーが起動しています。
[2026-07-14 22:00:07] daemon管理外のサーバーの可能性があるため、今回は起動せず終了します。
[2026-07-14 22:00:07] ロックファイルを削除しました。
[2026-07-14 22:00:07] Jarvis daemonを終了しました。
[2026-07-14 22:08:20] Jarvis daemonを起動しました。
[2026-07-14 22:08:20] ロックファイルを作成しました。PID: 18956
[2026-07-14 22:08:20] 既にポート8000でサーバーが起動しています。
[2026-07-14 22:08:20] daemon管理外のサーバーの可能性があるため、今回は起動せず終了します。
[2026-07-14 22:08:20] 管理中のJarvisサーバープロセスはありません。
[2026-07-14 22:08:20] ロックファイルを削除しました。
[2026-07-14 22:08:20] Jarvis daemonを終了しました。
[2026-07-14 22:08:26] Jarvis daemonを起動しました。
[2026-07-14 22:08:26] ロックファイルを作成しました。PID: 536
[2026-07-14 22:08:26] 既にポート8000でサーバーが起動しています。
[2026-07-14 22:08:26] daemon管理外のサーバーの可能性があるため、今回は起動せず終了します。
[2026-07-14 22:08:26] 管理中のJarvisサーバープロセスはありません。
[2026-07-14 22:08:26] ロックファイルを削除しました。
[2026-07-14 22:08:26] Jarvis daemonを終了しました。
[2026-07-14 22:08:39] Jarvis daemonを起動しました。
[2026-07-14 22:08:39] ロックファイルを作成しました。PID: 17336
[2026-07-14 22:08:39] 既にポート8000でサーバーが起動しています。
[2026-07-14 22:08:39] daemon管理外のサーバーの可能性があるため、今回は起動せず終了します。
[2026-07-14 22:08:39] ロックファイルを削除しました。
[2026-07-14 22:08:39] Jarvis daemonを終了しました。
[2026-07-14 22:08:43] Jarvis daemonを起動しました。
[2026-07-14 22:08:43] ロックファイルを作成しました。PID: 28112
[2026-07-14 22:08:43] 既にポート8000でサーバーが起動しています。
[2026-07-14 22:08:43] daemon管理外のサーバーの可能性があるため、今回は起動せず終了します。
[2026-07-14 22:08:43] 管理中のJarvisサーバープロセスはありません。
[2026-07-14 22:08:43] ロックファイルを削除しました。
[2026-07-14 22:08:43] Jarvis daemonを終了しました。
[2026-07-14 22:09:19] Jarvis daemonを起動しました。
[2026-07-14 22:09:19] ロックファイルを作成しました。PID: 19028
[2026-07-14 22:09:19] 既にポート8000でサーバーが起動しています。
[2026-07-14 22:09:19] daemon管理外のサーバーの可能性があるため、今回は起動せず終了します。
[2026-07-14 22:09:19] 管理中のJarvisサーバープロセスはありません。
[2026-07-14 22:09:19] ロックファイルを削除しました。
[2026-07-14 22:09:19] Jarvis daemonを終了しました。
